  main.c
C:\inhaWin25\WindowsP\packages\glfw.3.4.0\build\native\include\GLFW\glfw3.h(3235,1): warning C4819: 현재 코드 페이지(949)에서 표시할 수 없는 문자가 파일에 들어 있습니다. 데이터가 손실되지 않게 하려면 해당 파일을 유니코드 형식으로 저장하십시오.
  (소스 파일 'main.c'을(를) 컴파일하는 중)
  
C:\Program Files (x86)\Windows Kits\10\Include\10.0.22621.0\shared\minwindef.h(130,9): warning C4005: 'APIENTRY': 매크로 재정의
  (소스 파일 'main.c'을(를) 컴파일하는 중)
      C:\inhaWin25\WindowsP\packages\glfw.3.4.0\build\native\include\GLFW\glfw3.h(123,11):
      'APIENTRY'의 이전 정의를 참조하십시오.
  
C:\inhaWin25\WindowsP\drawCh\main.c(69,14): warning C4305: '함수': 'double'에서 'float'(으)로 잘립니다.
C:\inhaWin25\WindowsP\drawCh\main.c(84,16): warning C4305: '함수': 'double'에서 'GLfloat'(으)로 잘립니다.
C:\inhaWin25\WindowsP\drawCh\main.c(88,14): warning C4305: '함수': 'double'에서 'float'(으)로 잘립니다.
C:\inhaWin25\WindowsP\drawCh\main.c(90,16): warning C4305: '함수': 'double'에서 'GLfloat'(으)로 잘립니다.
C:\inhaWin25\WindowsP\drawCh\main.c(91,14): warning C4305: '함수': 'double'에서 'float'(으)로 잘립니다.
C:\inhaWin25\WindowsP\drawCh\main.c(92,16): warning C4305: '함수': 'double'에서 'GLfloat'(으)로 잘립니다.
C:\inhaWin25\WindowsP\drawCh\main.c(97,16): warning C4305: '함수': 'double'에서 'GLfloat'(으)로 잘립니다.
C:\inhaWin25\WindowsP\drawCh\main.c(100,13): warning C4305: '함수': 'double'에서 'GLfloat'(으)로 잘립니다.
C:\inhaWin25\WindowsP\drawCh\main.c(100,18): warning C4305: '함수': 'double'에서 'GLfloat'(으)로 잘립니다.
C:\inhaWin25\WindowsP\drawCh\main.c(100,23): warning C4305: '함수': 'double'에서 'GLfloat'(으)로 잘립니다.
C:\inhaWin25\WindowsP\drawCh\main.c(101,14): warning C4305: '함수': 'double'에서 'float'(으)로 잘립니다.
C:\inhaWin25\WindowsP\drawCh\main.c(103,16): warning C4305: '함수': 'double'에서 'GLfloat'(으)로 잘립니다.
C:\inhaWin25\WindowsP\drawCh\main.c(104,14): warning C4305: '함수': 'double'에서 'float'(으)로 잘립니다.
C:\inhaWin25\WindowsP\drawCh\main.c(65,16): warning C4244: '초기화 중': 'double'에서 'float'(으)로 변환하면서 데이터가 손실될 수 있습니다.
C:\inhaWin25\WindowsP\drawCh\main.c(39,6): warning C4101: 'i' :참조되지 않은 지역 변수입니다.
C:\inhaWin25\WindowsP\drawCh\main.c(180,24): warning C4244: '함수': 'double'에서 'GLfloat'(으)로 변환하면서 데이터가 손실될 수 있습니다.
C:\inhaWin25\WindowsP\drawCh\main.c(180,48): warning C4244: '함수': 'double'에서 'GLfloat'(으)로 변환하면서 데이터가 손실될 수 있습니다.
C:\inhaWin25\WindowsP\drawCh\main.c(166,6): warning C4101: 'i' :참조되지 않은 지역 변수입니다.
C:\inhaWin25\WindowsP\drawCh\main.c(226,16): warning C4244: '초기화 중': 'double'에서 'float'(으)로 변환하면서 데이터가 손실될 수 있습니다.
C:\inhaWin25\WindowsP\drawCh\main.c(227,16): warning C4244: '초기화 중': 'double'에서 'float'(으)로 변환하면서 데이터가 손실될 수 있습니다.
  drawCh.vcxproj -> C:\inhaWin25\WindowsP\x64\Debug\drawCh.exe
